c:\users\chenjw\source\repos\alganddatastructure\debug\vc142.pdb
c:\users\chenjw\source\repos\alganddatastructure\debug\vc142.idb
c:\users\chenjw\source\repos\alganddatastructure\debug\string.obj
c:\users\chenjw\source\repos\alganddatastructure\debug\stack.obj
c:\users\chenjw\source\repos\alganddatastructure\debug\sort.obj
c:\users\chenjw\source\repos\alganddatastructure\debug\priorityque.obj
c:\users\chenjw\source\repos\alganddatastructure\debug\binary_heap.obj
c:\users\chenjw\source\repos\alganddatastructure\debug\queue.obj
c:\users\chenjw\source\repos\alganddatastructure\debug\main.obj
c:\users\chenjw\source\repos\alganddatastructure\debug\btree.obj
c:\users\chenjw\source\repos\alganddatastructure\debug\divideandconcure.obj
c:\users\chenjw\source\repos\alganddatastructure\debug\alganddatastructure.exe
c:\users\chenjw\source\repos\alganddatastructure\debug\alganddatastructure.ilk
c:\users\chenjw\source\repos\alganddatastructure\debug\alganddatastructure.pdb
c:\users\chenjw\source\repos\alganddatastructure\debug\algandda.761935f3.tlog\cl.command.1.tlog
c:\users\chenjw\source\repos\alganddatastructure\debug\algandda.761935f3.tlog\cl.read.1.tlog
c:\users\chenjw\source\repos\alganddatastructure\debug\algandda.761935f3.tlog\cl.write.1.tlog
c:\users\chenjw\source\repos\alganddatastructure\debug\algandda.761935f3.tlog\link.command.1.tlog
c:\users\chenjw\source\repos\alganddatastructure\debug\algandda.761935f3.tlog\link.read.1.tlog
c:\users\chenjw\source\repos\alganddatastructure\debug\algandda.761935f3.tlog\link.write.1.tlog
